<html>
<head>
<title>TestNG:  Default test</title>
<link href="../testng.css" rel="stylesheet" type="text/css" />
<link href="../my-testng.css" rel="stylesheet" type="text/css" />

<style type="text/css">
.log { display: none;} 
.stack-trace { display: none;} 
</style>
<script type="text/javascript">
<!--
function flip(e) {
  current = e.style.display;
  if (current == 'block') {
    e.style.display = 'none';
    return 0;
  }
  else {
    e.style.display = 'block';
    return 1;
  }
}

function toggleBox(szDivId, elem, msg1, msg2)
{
  var res = -1;  if (document.getElementById) {
    res = flip(document.getElementById(szDivId));
  }
  else if (document.all) {
    // this is the way old msie versions work
    res = flip(document.all[szDivId]);
  }
  if(elem) {
    if(res == 0) elem.innerHTML = msg1; else elem.innerHTML = msg2;
  }

}

function toggleAllBoxes() {
  if (document.getElementsByTagName) {
    d = document.getElementsByTagName('div');
    for (i = 0; i < d.length; i++) {
      if (d[i].className == 'log') {
        flip(d[i]);
      }
    }
  }
}

// -->
</script>

</head>
<body>
<h2 align='center'>Default test</h2><table border='1' align="center">
<tr>
<td>Tests passed/Failed/Skipped:</td><td>8/1/0</td>
</tr><tr>
<td>Started on:</td><td>Sat Apr 15 14:22:30 ICT 2023</td>
</tr>
<tr><td>Total time:</td><td>344 seconds (344749 ms)</td>
</tr><tr>
<td>Included groups:</td><td></td>
</tr><tr>
<td>Excluded groups:</td><td></td>
</tr>
</table><p/>
<small><i>(Hover the method name to see the test class name)</i></small><p/>
<table width='100%' border='1' class='invocation-failed'>
<tr><td colspan='4' align='center'><b>FAILED TESTS</b></td></tr>
<tr><td><b>Test method</b></td>
<td width="30%"><b>Exception</b></td>
<td width="10%"><b>Time (seconds)</b></td>
<td><b>Instance</b></td>
</tr>
<tr>
<td title='futuready.testcases.TC_FU_002_SGN_Sign_Up_New_Account_In_Friends_Page.TC_FU_002_SGN_02_User_can_sign_up_a_new_account()'><b>TC_FU_002_SGN_02_User_can_sign_up_a_new_account</b><br>Test class: futuready.testcases.TC_FU_002_SGN_Sign_Up_New_Account_In_Friends_Page</td>
<td><div><pre>org.openqa.selenium.NoSuchElementException: no such element: Unable to locate element: {&quot;method&quot;:&quot;xpath&quot;,&quot;selector&quot;:&quot;/html[1]/body[1]/div[1]/div[1]/div[1]/div[1]/section[1]/div[1]/div[3]/div[1]/form[1]/div[1]/div[1]/div[1]/div[1]/div[1]/div[3]/div[1]/div[1]/div[1]/header[1]/div[1]/div[1]/div[1]/div[1]/div[1]/div[2]/span[1]/select[1]&quot;}
  (Session info: MicrosoftEdge=112.0.1722.34)
For documentation on this error, please visit: https://selenium.dev/exceptions/#no_such_element
Build info: version: &apos;4.8.3&apos;, revision: &apos;e5e76298c3&apos;
System info: os.name: &apos;Windows 11&apos;, os.arch: &apos;amd64&apos;, os.version: &apos;10.0&apos;, java.version: &apos;17.0.6&apos;
Driver info: org.openqa.selenium.edge.EdgeDriver
Command: [2610ecbb9793dcbadf954e5f799b3746, findElement {using=xpath, value=/html[1]/body[1]/div[1]/div[1]/div[1]/div[1]/section[1]/div[1]/div[3]/div[1]/form[1]/div[1]/div[1]/div[1]/div[1]/div[1]/div[3]/div[1]/div[1]/div[1]/header[1]/div[1]/div[1]/div[1]/div[1]/div[1]/div[2]/span[1]/select[1]}]
Capabilities {acceptInsecureCerts: false, browserName: msedge, browserVersion: 112.0.1722.34, ms:edgeOptions: {debuggerAddress: localhost:56481}, msedge: {msedgedriverVersion: 112.0.1722.39 (e40a520f851f..., userDataDir: C:\Users\minht\AppData\Loca...}, networkConnectionEnabled: false, pageLoadStrategy: normal, platformName: WINDOWS, proxy: Proxy(), se:cdp: ws://localhost:56481/devtoo..., se:cdpVersion: 112.0.1722.34, setWindowRect: true, strictFileInteractability: false, timeouts: {implicit: 0, pageLoad: 300000, script: 30000}, unhandledPromptBehavior: dismiss and notify, webauthn:extension:credBlob: true, webauthn:extension:largeBlob: true, webauthn:extension:minPinLength: true, webauthn:extension:prf: true, webauthn:virtualAuthenticators: true}
Session ID: 2610ecbb9793dcbadf954e5f799b3746
	at java.base/jdk.internal.reflect.NativeConstructorAccessorImpl.newInstance0(Native Method)
	at java.base/jdk.internal.reflect.NativeConstructorAccessorImpl.newInstance(NativeConstructorAccessorImpl.java:77)
	at java.base/jdk.internal.reflect.DelegatingConstructorAccessorImpl.newInstance(DelegatingConstructorAccessorImpl.java:45)
	at java.base/java.lang.reflect.Constructor.newInstanceWithCaller(Constructor.java:499)
	at java.base/java.lang.reflect.Constructor.newInstance(Constructor.java:480)
	at org.openqa.selenium.remote.codec.w3c.W3CHttpResponseCodec.createException(W3CHttpResponseCodec.java:200)
	at org.openqa.selenium.remote.codec.w3c.W3CHttpResponseCodec.decode(W3CHttpResponseCodec.java:133)
	at org.openqa.selenium.remote.codec.w3c.W3CHttpResponseCodec.decode(W3CHttpResponseCodec.java:53)
	at org.openqa.selenium.remote.HttpCommandExecutor.execute(HttpCommandExecutor.java:193)
	at org.openqa.selenium.remote.service.DriverCommandExecutor.invokeExecute(DriverCommandExecutor.java:183)
	at org.openqa.selenium.remote.service.DriverCommandExecutor.execute(DriverCommandExecutor.java:158)
	at org.openqa.selenium.remote.RemoteWebDriver.execute(RemoteWebDriver.java:543)
	at org.openqa.selenium.remote.ElementLocation$ElementFinder$2.findElement(ElementLocation.java:162)
	at org.openqa.selenium.remote.ElementLocation.findElement(ElementLocation.java:60)
	at org.openqa.selenium.remote.RemoteWebDriver.findElement(RemoteWebDriver.java:352)
	at org.openqa.selenium.remote.RemoteWebDriver.findElement(RemoteWebDriver.java:344)
	at futuready.pages.sign_up_account_page_2.select_date_of_birth(sign_up_account_page_2.java:158)
	at futuready.testcases.TC_FU_002_SGN_Sign_Up_New_Account_In_Friends_Page.TC_FU_002_SGN_02_User_can_sign_up_a_new_account(TC_FU_002_SGN_Sign_Up_New_Account_In_Friends_Page.java:83)
	at java.base/jdk.internal.reflect.NativeMethodAccessorImpl.invoke0(Native Method)
	at java.base/jdk.internal.reflect.NativeMethodAccessorImpl.invoke(NativeMethodAccessorImpl.java:77)
	at java.base/jdk.internal.reflect.DelegatingMethodAccessorImpl.invoke(DelegatingMethodAccessorImpl.java:43)
	at java.base/java.lang.reflect.Method.invoke(Method.java:568)
	at org.testng.internal.MethodInvocationHelper.invokeMethod(MethodInvocationHelper.java:133)
	at org.testng.internal.TestInvoker.invokeMethod(TestInvoker.java:598)
	at org.testng.internal.TestInvoker.invokeTestMethod(TestInvoker.java:173)
	at org.testng.internal.MethodRunner.runInSequence(MethodRunner.java:46)
	at org.testng.internal.TestInvoker$MethodInvocationAgent.invoke(TestInvoker.java:824)
	at org.testng.internal.TestInvoker.invokeTestMethods(TestInvoker.java:146)
	at org.testng.internal.TestMethodWorker.invokeTestMethods(TestMethodWorker.java:146)
	at org.testng.internal.TestMethodWorker.run(TestMethodWorker.java:128)
	at java.base/java.util.ArrayList.forEach(ArrayList.java:1511)
	at org.testng.TestRunner.privateRun(TestRunner.java:794)
	at org.testng.TestRunner.run(TestRunner.java:596)
	at org.testng.SuiteRunner.runTest(SuiteRunner.java:377)
	at org.testng.SuiteRunner.runSequentially(SuiteRunner.java:371)
	at org.testng.SuiteRunner.privateRun(SuiteRunner.java:332)
	at org.testng.SuiteRunner.run(SuiteRunner.java:276)
	at org.testng.SuiteRunnerWorker.runSuite(SuiteRunnerWorker.java:53)
	at org.testng.SuiteRunnerWorker.run(SuiteRunnerWorker.java:96)
	at org.testng.TestNG.runSuitesSequentially(TestNG.java:1212)
	at org.testng.TestNG.runSuitesLocally(TestNG.java:1134)
	at org.testng.TestNG.runSuites(TestNG.java:1063)
	at org.testng.TestNG.run(TestNG.java:1031)
	at org.testng.remote.AbstractRemoteTestNG.run(AbstractRemoteTestNG.java:115)
	at org.testng.remote.RemoteTestNG.initAndRun(RemoteTestNG.java:251)
	at org.testng.remote.RemoteTestNG.main(RemoteTestNG.java:77)
</pre></div><a href='#' onClick='toggleBox("stack-trace1747644505", this, "Click to show all stack frames", "Click to hide stack frames")'>Click to show all stack frames</a>
<div class='stack-trace' id='stack-trace1747644505'><pre>org.openqa.selenium.NoSuchElementException: no such element: Unable to locate element: {&quot;method&quot;:&quot;xpath&quot;,&quot;selector&quot;:&quot;/html[1]/body[1]/div[1]/div[1]/div[1]/div[1]/section[1]/div[1]/div[3]/div[1]/form[1]/div[1]/div[1]/div[1]/div[1]/div[1]/div[3]/div[1]/div[1]/div[1]/header[1]/div[1]/div[1]/div[1]/div[1]/div[1]/div[2]/span[1]/select[1]&quot;}
  (Session info: MicrosoftEdge=112.0.1722.34)
For documentation on this error, please visit: https://selenium.dev/exceptions/#no_such_element
Build info: version: &apos;4.8.3&apos;, revision: &apos;e5e76298c3&apos;
System info: os.name: &apos;Windows 11&apos;, os.arch: &apos;amd64&apos;, os.version: &apos;10.0&apos;, java.version: &apos;17.0.6&apos;
Driver info: org.openqa.selenium.edge.EdgeDriver
Command: [2610ecbb9793dcbadf954e5f799b3746, findElement {using=xpath, value=/html[1]/body[1]/div[1]/div[1]/div[1]/div[1]/section[1]/div[1]/div[3]/div[1]/form[1]/div[1]/div[1]/div[1]/div[1]/div[1]/div[3]/div[1]/div[1]/div[1]/header[1]/div[1]/div[1]/div[1]/div[1]/div[1]/div[2]/span[1]/select[1]}]
Capabilities {acceptInsecureCerts: false, browserName: msedge, browserVersion: 112.0.1722.34, ms:edgeOptions: {debuggerAddress: localhost:56481}, msedge: {msedgedriverVersion: 112.0.1722.39 (e40a520f851f..., userDataDir: C:\Users\minht\AppData\Loca...}, networkConnectionEnabled: false, pageLoadStrategy: normal, platformName: WINDOWS, proxy: Proxy(), se:cdp: ws://localhost:56481/devtoo..., se:cdpVersion: 112.0.1722.34, setWindowRect: true, strictFileInteractability: false, timeouts: {implicit: 0, pageLoad: 300000, script: 30000}, unhandledPromptBehavior: dismiss and notify, webauthn:extension:credBlob: true, webauthn:extension:largeBlob: true, webauthn:extension:minPinLength: true, webauthn:extension:prf: true, webauthn:virtualAuthenticators: true}
Session ID: 2610ecbb9793dcbadf954e5f799b3746
	at java.base/jdk.internal.reflect.NativeConstructorAccessorImpl.newInstance0(Native Method)
	at java.base/jdk.internal.reflect.NativeConstructorAccessorImpl.newInstance(NativeConstructorAccessorImpl.java:77)
	at java.base/jdk.internal.reflect.DelegatingConstructorAccessorImpl.newInstance(DelegatingConstructorAccessorImpl.java:45)
	at java.base/java.lang.reflect.Constructor.newInstanceWithCaller(Constructor.java:499)
	at java.base/java.lang.reflect.Constructor.newInstance(Constructor.java:480)
	at org.openqa.selenium.remote.codec.w3c.W3CHttpResponseCodec.createException(W3CHttpResponseCodec.java:200)
	at org.openqa.selenium.remote.codec.w3c.W3CHttpResponseCodec.decode(W3CHttpResponseCodec.java:133)
	at org.openqa.selenium.remote.codec.w3c.W3CHttpResponseCodec.decode(W3CHttpResponseCodec.java:53)
	at org.openqa.selenium.remote.HttpCommandExecutor.execute(HttpCommandExecutor.java:193)
	at org.openqa.selenium.remote.service.DriverCommandExecutor.invokeExecute(DriverCommandExecutor.java:183)
	at org.openqa.selenium.remote.service.DriverCommandExecutor.execute(DriverCommandExecutor.java:158)
	at org.openqa.selenium.remote.RemoteWebDriver.execute(RemoteWebDriver.java:543)
	at org.openqa.selenium.remote.ElementLocation$ElementFinder$2.findElement(ElementLocation.java:162)
	at org.openqa.selenium.remote.ElementLocation.findElement(ElementLocation.java:60)
	at org.openqa.selenium.remote.RemoteWebDriver.findElement(RemoteWebDriver.java:352)
	at org.openqa.selenium.remote.RemoteWebDriver.findElement(RemoteWebDriver.java:344)
	at futuready.pages.sign_up_account_page_2.select_date_of_birth(sign_up_account_page_2.java:158)
	at futuready.testcases.TC_FU_002_SGN_Sign_Up_New_Account_In_Friends_Page.TC_FU_002_SGN_02_User_can_sign_up_a_new_account(TC_FU_002_SGN_Sign_Up_New_Account_In_Friends_Page.java:83)
	at java.base/jdk.internal.reflect.NativeMethodAccessorImpl.invoke0(Native Method)
	at java.base/jdk.internal.reflect.NativeMethodAccessorImpl.invoke(NativeMethodAccessorImpl.java:77)
	at java.base/jdk.internal.reflect.DelegatingMethodAccessorImpl.invoke(DelegatingMethodAccessorImpl.java:43)
	at java.base/java.lang.reflect.Method.invoke(Method.java:568)
	at org.testng.internal.MethodInvocationHelper.invokeMethod(MethodInvocationHelper.java:133)
	at org.testng.internal.TestInvoker.invokeMethod(TestInvoker.java:598)
	at org.testng.internal.TestInvoker.invokeTestMethod(TestInvoker.java:173)
	at org.testng.internal.MethodRunner.runInSequence(MethodRunner.java:46)
	at org.testng.internal.TestInvoker$MethodInvocationAgent.invoke(TestInvoker.java:824)
	at org.testng.internal.TestInvoker.invokeTestMethods(TestInvoker.java:146)
	at org.testng.internal.TestMethodWorker.invokeTestMethods(TestMethodWorker.java:146)
	at org.testng.internal.TestMethodWorker.run(TestMethodWorker.java:128)
	at java.base/java.util.ArrayList.forEach(ArrayList.java:1511)
	at org.testng.TestRunner.privateRun(TestRunner.java:794)
	at org.testng.TestRunner.run(TestRunner.java:596)
	at org.testng.SuiteRunner.runTest(SuiteRunner.java:377)
	at org.testng.SuiteRunner.runSequentially(SuiteRunner.java:371)
	at org.testng.SuiteRunner.privateRun(SuiteRunner.java:332)
	at org.testng.SuiteRunner.run(SuiteRunner.java:276)
	at org.testng.SuiteRunnerWorker.runSuite(SuiteRunnerWorker.java:53)
	at org.testng.SuiteRunnerWorker.run(SuiteRunnerWorker.java:96)
	at org.testng.TestNG.runSuitesSequentially(TestNG.java:1212)
	at org.testng.TestNG.runSuitesLocally(TestNG.java:1134)
	at org.testng.TestNG.runSuites(TestNG.java:1063)
	at org.testng.TestNG.run(TestNG.java:1031)
	at org.testng.remote.AbstractRemoteTestNG.run(AbstractRemoteTestNG.java:115)
	at org.testng.remote.RemoteTestNG.initAndRun(RemoteTestNG.java:251)
	at org.testng.remote.RemoteTestNG.main(RemoteTestNG.java:77)
</pre></div></td>
<td>23</td>
<td>futuready.testcases.TC_FU_002_SGN_Sign_Up_New_Account_In_Friends_Page@3c77d488</td></tr>
</table><p>
<table width='100%' border='1' class='invocation-passed'>
<tr><td colspan='4' align='center'><b>PASSED TESTS</b></td></tr>
<tr><td><b>Test method</b></td>
<td width="30%"><b>Exception</b></td>
<td width="10%"><b>Time (seconds)</b></td>
<td><b>Instance</b></td>
</tr>
<tr>
<td title='futuready.testcases.TC_FU_002_SGN_Sign_Up_New_Account_In_Friends_Page.TC_FU_002_SGN_01_User_can_navigate_to_sign_up_a_new_account_page()'><b>TC_FU_002_SGN_01_User_can_navigate_to_sign_up_a_new_account_page</b><br>Test class: futuready.testcases.TC_FU_002_SGN_Sign_Up_New_Account_In_Friends_Page</td>
<td></td>
<td>7</td>
<td>futuready.testcases.TC_FU_002_SGN_Sign_Up_New_Account_In_Friends_Page@3c77d488</td></tr>
<tr>
<td title='futuready.testcases.TC_FU_002_SGN_Sign_Up_New_Account_In_Friends_Page.TC_FU_002_SGN_07_System_verifies_the_email_address_from_user()'><b>TC_FU_002_SGN_07_System_verifies_the_email_address_from_user</b><br>Test class: futuready.testcases.TC_FU_002_SGN_Sign_Up_New_Account_In_Friends_Page</td>
<td></td>
<td>27</td>
<td>futuready.testcases.TC_FU_002_SGN_Sign_Up_New_Account_In_Friends_Page@3c77d488</td></tr>
<tr>
<td title='futuready.testcases.TC_FU_002_SGN_Sign_Up_New_Account_In_Friends_Page.TC_FU_002_SGN_06_Sytem_verifies_required_fields_in_the_second_sign_up_page()'><b>TC_FU_002_SGN_06_Sytem_verifies_required_fields_in_the_second_sign_up_page</b><br>Test class: futuready.testcases.TC_FU_002_SGN_Sign_Up_New_Account_In_Friends_Page</td>
<td></td>
<td>1</td>
<td>futuready.testcases.TC_FU_002_SGN_Sign_Up_New_Account_In_Friends_Page@3c77d488</td></tr>
<tr>
<td title='futuready.testcases.TC_FU_002_SGN_Sign_Up_New_Account_In_Friends_Page.TC_FU_002_SGN_08_System_verifies_the_phone_number_from_user()'><b>TC_FU_002_SGN_08_System_verifies_the_phone_number_from_user</b><br>Test class: futuready.testcases.TC_FU_002_SGN_Sign_Up_New_Account_In_Friends_Page</td>
<td></td>
<td>25</td>
<td>futuready.testcases.TC_FU_002_SGN_Sign_Up_New_Account_In_Friends_Page@3c77d488</td></tr>
<tr>
<td title='futuready.testcases.TC_FU_002_SGN_Sign_Up_New_Account_In_Friends_Page.TC_FU_002_SGN_04_System_verifies_required_fields_in_the_first_signup_page()'><b>TC_FU_002_SGN_04_System_verifies_required_fields_in_the_first_signup_page</b><br>Test class: futuready.testcases.TC_FU_002_SGN_Sign_Up_New_Account_In_Friends_Page</td>
<td></td>
<td>16</td>
<td>futuready.testcases.TC_FU_002_SGN_Sign_Up_New_Account_In_Friends_Page@3c77d488</td></tr>
<tr>
<td title='futuready.testcases.TC_FU_002_SGN_Sign_Up_New_Account_In_Friends_Page.TC_FU_002_SGN_05_System_verifies_02_confirmation_checked_boxes_in_the_second_sign_up_page()'><b>TC_FU_002_SGN_05_System_verifies_02_confirmation_checked_boxes_in_the_second_sign_up_page</b><br>Test class: futuready.testcases.TC_FU_002_SGN_Sign_Up_New_Account_In_Friends_Page</td>
<td></td>
<td>70</td>
<td>futuready.testcases.TC_FU_002_SGN_Sign_Up_New_Account_In_Friends_Page@3c77d488</td></tr>
<tr>
<td title='futuready.testcases.TC_FU_002_SGN_Sign_Up_New_Account_In_Friends_Page.TC_FU_002_SGN_03_System_verifies_02_confirmation_checked_boxes_in_the_first_sign_up_page()'><b>TC_FU_002_SGN_03_System_verifies_02_confirmation_checked_boxes_in_the_first_sign_up_page</b><br>Test class: futuready.testcases.TC_FU_002_SGN_Sign_Up_New_Account_In_Friends_Page</td>
<td></td>
<td>48</td>
<td>futuready.testcases.TC_FU_002_SGN_Sign_Up_New_Account_In_Friends_Page@3c77d488</td></tr>
<tr>
<td title='futuready.testcases.TC_FU_002_SGN_Sign_Up_New_Account_In_Friends_Page.TC_FU_002_SGN_09_User_can_sign_up_a_new_account_by_thai_language()'><b>TC_FU_002_SGN_09_User_can_sign_up_a_new_account_by_thai_language</b><br>Test class: futuready.testcases.TC_FU_002_SGN_Sign_Up_New_Account_In_Friends_Page</td>
<td></td>
<td>26</td>
<td>futuready.testcases.TC_FU_002_SGN_Sign_Up_New_Account_In_Friends_Page@3c77d488</td></tr>
</table><p>
</body>
</html>